<?xml version="1.0" encoding="UTF-8"?>
<!-- Generated by org.testng.reporters.JUnitReportReporter -->
<testsuite skipped="0" hostname="Rafaels_Laptop" name="com.kbb.tests.search.S007FP_S008FN" tests="1" failures="0" timestamp="24 Mar 2018 22:22:54 GMT" time="35.141" errors="0">
  <testcase name="mileageTest" time="35.141" classname="com.kbb.tests.search.S007FP_S008FN"/>
</testsuite> <!-- com.kbb.tests.search.S007FP_S008FN -->
