<?xml version="1.0" encoding="UTF-8"?>
<!-- Generated by org.testng.reporters.JUnitReportReporter -->
<testsuite skipped="0" hostname="Rafaels_Laptop" name="com.kbb.tests.search.R018FP_R019FP" tests="1" failures="0" timestamp="25 Mar 2018 20:20:02 GMT" time="25.231" errors="0">
  <testcase name="testCaseS019FP" time="25.231" classname="com.kbb.tests.search.R018FP_R019FP"/>
</testsuite> <!-- com.kbb.tests.search.R018FP_R019FP -->
