<?xml version="1.0" encoding="UTF-8"?>
<!-- Generated by org.testng.reporters.JUnitReportReporter -->
<testsuite skipped="0" hostname="Gees-MacBook-Pro.local" name="com.kbb.tests.search.SearchTest_2_Phase" tests="1" failures="0" timestamp="24 Mar 2018 22:59:37 GMT" time="34.651" errors="0">
  <testcase name="testCaseS016ETE" time="34.651" classname="com.kbb.tests.search.SearchTest_2_Phase"/>
</testsuite> <!-- com.kbb.tests.search.SearchTest_2_Phase -->
